[33m[nodemon] 1.11.0[39m
[33m[nodemon] to restart at any time, enter `rs`[39m
[33m[nodemon] watching: *.*[39m
[32m[nodemon] starting `node server.js`[39m
events.js:160
      throw er; // Unhandled 'error' event
      ^

Error: EBADF: bad file descriptor, read
    at Error (native)
the dir is: /home/admin/web/kgateservers.tk/public_html/public/app/web/views/index.html
Running the server on 8086
OK.. Connected to the database
[0mGET / [32m200 [0m44.952 ms - 3403[0m
[0mGET /web/views/pages/home.html [36m304 [0m7.558 ms - -[0m
[0mGET /favicon.ico [32m200 [0m9.819 ms - 3403[0m
[0mGET /assets/fonts/glyphicons-halflings-regular.woff2 [36m304 [0m1.520 ms - -[0m
[0mGET /web/views/pages/users/login.html [32m200 [0m25.627 ms - 5810[0m
[0mGET /assets/css/user-login.css [32m200 [0m4.912 ms - 2432[0m
[0mGET /assets/css/Google-Style-Login.css [32m200 [0m2.554 ms - 1857[0m
[0mGET /assets/img/avatar_2x.png [32m200 [0m1.540 ms - 626[0m
[0mGET /assets/img/maxresdefault.jpg [32m200 [0m1.971 ms - 66023[0m
[0mGET /assets/js/chartist.min.js.map [32m200 [0m8.793 ms - 3403[0m
[0mGET /assets/css/bootstrap.css.map [32m200 [0m4.344 ms - 389287[0m
[0mGET / [32m200 [0m4.301 ms - 3403[0m
[0mGET /assets/css/myanimations.css [32m200 [0m0.924 ms - 1577[0m
[0mGET /assets/css/bootstrap.css [32m200 [0m2.435 ms - 146010[0m
[0mGET /assets/css/animate.css [32m200 [0m0.859 ms - 23848[0m
[0mGET /assets/css/user.css [32m200 [0m1.289 ms - 2238[0m
[0mGET /assets/fonts/font-awesome.min.css [32m200 [0m2.295 ms - 27338[0m
[0mGET /assets/css/light-bootstrap-dashboard.css [32m200 [0m0.849 ms - 73350[0m
[0mGET /assets/css/pe-icon-7-stroke.css [32m200 [0m3.426 ms - 9742[0m
[0mGET /assets/js/angular-route.js [32m200 [0m1.976 ms - 45008[0m
[0mGET /assets/js/angular.js [32m200 [0m1.619 ms - 1268263[0m
[0mGET /assets/js/angular-animate.js [32m200 [0m0.638 ms - 151136[0m
[0mGET /app.js [32m200 [0m0.576 ms - 553[0m
[0mGET /route.js [32m200 [0m0.581 ms - 4759[0m
[0mGET /web/controllers/userControl.js [32m200 [0m0.528 ms - 5745[0m
[0mGET /web/controllers/mainController.js [32m200 [0m0.644 ms - 4387[0m
[0mGET /web/controllers/tinymceController.js [32m200 [0m1.282 ms - 153[0m
[0mGET /services/userServices.js [32m200 [0m0.516 ms - 716[0m
[0mGET /services/authServices.js [32m200 [0m0.552 ms - 3297[0m
[0mGET /assets/js/jquery-3.2.1.min.js [32m200 [0m1.081 ms - 86659[0m
[0mGET /assets/js/bootstrap.min.js [32m200 [0m0.569 ms - 37045[0m
[0mGET /assets/js/bootstrap-checkbox-radio-switch.js [32m200 [0m0.632 ms - 15407[0m
[0mGET /assets/js/chartist.min.js [32m200 [0m1.043 ms - 36026[0m
[0mGET /assets/js/bootstrap-notify.js [32m200 [0m1.806 ms - 13213[0m
[0mGET /assets/js/tinymce.js [32m200 [0m0.414 ms - 2343[0m
[0mGET /favicon.ico [32m200 [0m0.839 ms - 3403[0m
[0mGET /web/views/pages/home.html [32m200 [0m0.972 ms - 3469[0m
[0mGET /assets/img/Riviera00008.jpg [32m200 [0m1.527 ms - 225784[0m
[0mGET /assets/img/images.png [32m200 [0m1.555 ms - 88719[0m
[0mGET /assets/fonts/glyphicons-halflings-regular.woff2 [32m200 [0m2.623 ms - 18028[0m
[0mGET /assets/img/iphone.svg [32m200 [0m1.035 ms - 47533[0m
[0mGET /web/views/pages/users/login.html [32m200 [0m1.424 ms - 5810[0m
[0mGET /assets/css/user-login.css [32m200 [0m5.911 ms - 2432[0m
[0mGET /assets/css/Google-Style-Login.css [32m200 [0m3.669 ms - 1857[0m
[0mGET /assets/img/avatar_2x.png [32m200 [0m0.678 ms - 626[0m
[0mGET /assets/img/maxresdefault.jpg [32m200 [0m1.206 ms - 66023[0m
(node:9693) DeprecationWarning: Mongoose: mpromise (mongoose's default promise library) is deprecated, plug in your own promise library instead: http://mongoosejs.com/docs/promises.html
[0mPOST /api/authenticate [32m200 [0m390.763 ms - 263[0m
[0mPOST /api/me [32m200 [0m5.467 ms - 92[0m
[0mGET /web/views/pages/users/dashboard/dashboard.html [32m200 [0m16.744 ms - 18083[0m
[0mGET /assets/img/sidebar-5.jpg [32m200 [0m3.334 ms - 87627[0m
[0mGET /assets/fonts/Pe-icon-7-stroke.woff?d7yf1v [32m200 [0m1.261 ms - 58556[0m
[0mPOST /api/me [32m200 [0m4.103 ms - 92[0m
[0mGET /web/views/pages/users/dashboard/user.html [32m200 [0m7.883 ms - 11353[0m
[0mGET /assets/img/faces/Riviera00008.jpg [32m200 [0m1.155 ms - 108563[0m
[0mGET /assets/img/faces/IMG_20170714_181440.jpg [32m200 [0m2.168 ms - 558530[0m
[0mPOST /api/me [32m200 [0m1.481 ms - 92[0m
[0mPOST /api/me [32m200 [0m1.271 ms - 92[0m
[0mPOST /api/me [32m200 [0m1.252 ms - 92[0m
[0mPOST /api/me [32m200 [0m1.692 ms - 92[0m
[0mPOST /api/me [32m200 [0m1.405 ms - 92[0m
[0mPOST /api/me [32m200 [0m9.575 ms - 92[0m
[0mPOST /api/me [32m200 [0m0.773 ms - 92[0m
[0mGET /web/views/pages/users/logout.html [32m200 [0m2.409 ms - 76[0m
[0mGET / [36m304 [0m3.685 ms - -[0m
[0mGET /web/views/pages/home.html [36m304 [0m5.508 ms - -[0m
[0mGET /assets/fonts/glyphicons-halflings-regular.woff2 [36m304 [0m1.261 ms - -[0m
[0mGET /assets/js/chartist.min.js.map [32m200 [0m11.184 ms - 3403[0m
[0mGET /assets/css/bootstrap.css.map [32m200 [0m1.463 ms - 389287[0m
[0mGET /register [32m200 [0m3.495 ms - 3403[0m
[0mGET /web/views/pages/users/register.html [32m200 [0m7.690 ms - 5989[0m
[0mGET /assets/css/bootstrap.css.map [36m304 [0m2.250 ms - -[0m
[0mGET /assets/js/chartist.min.js.map [36m304 [0m6.150 ms - -[0m
[0mPOST /api/checkUsername [32m200 [0m31.898 ms - 51[0m
Analysing > Maahmoud Asad
Analysing > mahmoud
Analysing > Mahmoud08!
Analysing > mahmoud@gmail.com
[0mGET /assets/fonts/glyphicons-halflings-regular.woff2 [36m304 [0m333.046 ms - -[0m
[0mPOST /api/users [32m200 [0m382.361 ms - 63[0m
[0mGET /web/views/pages/home.html [36m304 [0m1.554 ms - -[0m
[0mGET /web/views/pages/users/login.html [36m304 [0m7.071 ms - -[0m
[0mPOST /api/authenticate [32m200 [0m27.902 ms - 65[0m
[0mPOST /api/authenticate [32m200 [0m13.718 ms - 65[0m
[0mPOST /api/authenticate [32m200 [0m5.402 ms - 65[0m
[0mPOST /api/authenticate [32m200 [0m3.203 ms - 65[0m
[0mGET /favicon.ico [32m200 [0m9.929 ms - 3403[0m
[0mGET / [32m200 [0m278.711 ms - 3403[0m
[0mGET / [36m304 [0m13.434 ms - -[0m
[0mGET /web/views/pages/home.html [36m304 [0m2.233 ms - -[0m
[0mGET /assets/fonts/glyphicons-halflings-regular.woff2 [36m304 [0m1.227 ms - -[0m
[0mGET /www.tifaa.com [32m200 [0m31.350 ms - 3403[0m
[0mGET / [32m200 [0m126.860 ms - 3403[0m
[0mGET /assets/css/bootstrap.css [32m200 [0m3.557 ms - 146010[0m
[0mGET /assets/css/myanimations.css [32m200 [0m3.508 ms - 1577[0m
[0mGET /assets/css/animate.css [32m200 [0m3.867 ms - 23848[0m
[0mGET /assets/fonts/font-awesome.min.css [32m200 [0m7.126 ms - 27338[0m
[0mGET /assets/css/user.css [32m200 [0m1.704 ms - 2238[0m
[0mGET /assets/css/light-bootstrap-dashboard.css [32m200 [0m2.084 ms - 73350[0m
[0mGET /assets/css/pe-icon-7-stroke.css [32m200 [0m1.605 ms - 9742[0m
[0mGET /assets/js/angular-route.js [32m200 [0m3.025 ms - 45008[0m
[0mGET /assets/js/angular-animate.js [32m200 [0m7.087 ms - 151136[0m
[0mGET /assets/js/angular.js [32m200 [0m4.095 ms - 1268263[0m
[0mGET /app.js [32m200 [0m5.985 ms - 553[0m
[0mGET /route.js [32m200 [0m2.713 ms - 4759[0m
[0mGET /web/controllers/userControl.js [32m200 [0m3.011 ms - 5745[0m
[0mGET /web/controllers/mainController.js [32m200 [0m2.789 ms - 4387[0m
[0mGET /services/userServices.js [32m200 [0m1.014 ms - 716[0m
[0mGET /web/controllers/tinymceController.js [32m200 [0m5.037 ms - 153[0m
[0mGET /services/authServices.js [32m200 [0m1.948 ms - 3297[0m
[0mGET /assets/js/jquery-3.2.1.min.js [32m200 [0m1.021 ms - 86659[0m
[0mGET /assets/js/bootstrap.min.js [32m200 [0m0.901 ms - 37045[0m
[0mGET /assets/js/bootstrap-checkbox-radio-switch.js [32m200 [0m1.169 ms - 15407[0m
[0mGET /assets/js/chartist.min.js [32m200 [0m1.629 ms - 36026[0m
[0mGET /assets/js/bootstrap-notify.js [32m200 [0m0.711 ms - 13213[0m
[0mGET /assets/js/tinymce.js [32m200 [0m0.936 ms - 2343[0m
[0mGET /favicon.ico [32m200 [0m1.267 ms - 3403[0m
[0mPOST /api/me [32m200 [0m8.673 ms - 59[0m
[0mGET /web/views/pages/users/dashboard/dashboard.html [32m200 [0m2.631 ms - 18083[0m
[0mPOST /api/me [32m200 [0m3.243 ms - 59[0m
[0mGET /assets/img/sidebar-5.jpg [32m200 [0m1.910 ms - 87627[0m
[0mGET /assets/fonts/Pe-icon-7-stroke.woff?d7yf1v [32m200 [0m2.219 ms - 58556[0m
[0mPOST /api/me [32m200 [0m2.118 ms - 59[0m
[0mGET /web/views/pages/users/dashboard/user.html [32m200 [0m7.700 ms - 11353[0m
[0mGET /assets/img/faces/Riviera00008.jpg [32m200 [0m2.949 ms - 108563[0m
[0mGET /assets/img/faces/IMG_20170714_181440.jpg [32m200 [0m4.271 ms - 558530[0m
[0mPOST /api/me [32m200 [0m1.818 ms - 59[0m
[0mPOST /api/me [32m200 [0m15.331 ms - 59[0m
[0mPOST /api/me [32m200 [0m15.553 ms - 59[0m
[0mGET /web/views/pages/users/logout.html [32m200 [0m1.874 ms - 76[0m
[0mGET /web/views/pages/home.html [32m200 [0m1.111 ms - 3469[0m
[0mGET /assets/img/iphone.svg [32m200 [0m9.353 ms - 47533[0m
[0mGET /assets/img/images.png [32m200 [0m4.254 ms - 88719[0m
[0mGET /assets/img/Riviera00008.jpg [32m200 [0m5.472 ms - 225784[0m
[0mGET /assets/fonts/glyphicons-halflings-regular.woff2 [32m200 [0m1.278 ms - 18028[0m
[0mGET /web/views/pages/users/login.html [32m200 [0m2.395 ms - 5810[0m
[0mGET /assets/css/Google-Style-Login.css [32m200 [0m2.326 ms - 1857[0m
[0mGET /assets/css/user-login.css [32m200 [0m3.407 ms - 2432[0m
[0mGET /assets/img/avatar_2x.png [32m200 [0m0.996 ms - 626[0m
[0mGET /assets/img/maxresdefault.jpg [32m200 [0m1.779 ms - 66023[0m
[0mPOST /api/authenticate [32m200 [0m370.271 ms - 263[0m
[0mPOST /api/me [32m200 [0m3.643 ms - 92[0m
[0mPOST /api/me [32m200 [0m1.543 ms - 92[0m
[0mPOST /api/me [32m200 [0m2.429 ms - 92[0m
[0mPOST /api/me [32m200 [0m0.847 ms - 92[0m
[0mPOST /api/me [32m200 [0m1.316 ms - 92[0m
[0mPOST /api/me [32m200 [0m1.326 ms - 92[0m
[0mPOST /api/me [32m200 [0m0.855 ms - 92[0m
[0mPOST /api/me [32m200 [0m2.713 ms - 92[0m
[0mPOST /api/me [32m200 [0m1.317 ms - 92[0m
[0mGET /assets/css/bootstrap.css.map [32m200 [0m9.490 ms - 389287[0m
[0mGET /robots.txt [32m200 [0m5.031 ms - 3403[0m
[0mGET / [36m304 [0m2.930 ms - -[0m
[0mGET /web/views/pages/home.html [36m304 [0m0.669 ms - -[0m
[0mGET /web/views/pages/users/login.html [36m304 [0m0.402 ms - -[0m
[0mPOST /api/authenticate [32m200 [0m304.750 ms - 65[0m
[0mPOST /api/authenticate [32m200 [0m273.748 ms - 65[0m
[0mPOST /api/authenticate [32m200 [0m263.276 ms - 65[0m
[0mPOST /api/authenticate [32m200 [0m266.379 ms - 65[0m
[0mPOST /api/authenticate [32m200 [0m271.155 ms - 65[0m
[0mPOST /api/authenticate [32m200 [0m262.223 ms - 65[0m
[0mPOST /api/authenticate [32m200 [0m259.490 ms - 65[0m
[0mPOST /api/authenticate [32m200 [0m278.760 ms - 65[0m
[0mGET / [36m304 [0m4.553 ms - -[0m
[0mGET /web/views/pages/home.html [36m304 [0m0.696 ms - -[0m
[0mGET /web/views/pages/users/login.html [36m304 [0m0.406 ms - -[0m
[0mPOST /api/authenticate [32m200 [0m305.625 ms - 65[0m
[0mPOST /api/authenticate [32m200 [0m273.428 ms - 65[0m
[0mGET / [32m200 [0m404.471 ms - 3403[0m
[33m[nodemon] 1.11.0[39m
[33m[nodemon] to restart at any time, enter `rs`[39m
[33m[nodemon] watching: *.*[39m
[32m[nodemon] starting `node server.js`[39m
events.js:160
      throw er; // Unhandled 'error' event
      ^

Error: EBADF: bad file descriptor, read
    at Error (native)
the dir is: /home/admin/web/kgateservers.tk/public_html/public/app/web/views/index.html
Running the server on 8086
OK.. Connected to the database
[0mGET / [32m200 [0m91.018 ms - 3403[0m
[0mGET /assets/css/bootstrap.css [32m200 [0m60.223 ms - 146010[0m
[0mGET /assets/css/myanimations.css [32m200 [0m52.893 ms - 1577[0m
[0mGET /assets/css/animate.css [32m200 [0m51.184 ms - 23848[0m
[0mGET /assets/css/user.css [32m200 [0m71.073 ms - 2238[0m
[0mGET /assets/fonts/font-awesome.min.css [32m200 [0m73.356 ms - 27338[0m
[0mGET /assets/css/light-bootstrap-dashboard.css [32m200 [0m56.732 ms - 73350[0m
[0mGET /assets/css/pe-icon-7-stroke.css [32m200 [0m7.169 ms - 9742[0m
[0mGET /assets/js/angular-route.js [32m200 [0m4.679 ms - 45008[0m
[0mGET /assets/js/angular-animate.js [32m200 [0m13.807 ms - 151136[0m
[0mGET /assets/js/angular.js [32m200 [0m14.066 ms - 1268263[0m
[0mGET /app.js [32m200 [0m13.844 ms - 553[0m
[0mGET /route.js [32m200 [0m15.190 ms - 4759[0m
[0mGET /web/controllers/tinymceController.js [32m200 [0m5.899 ms - 153[0m
[0mGET /web/controllers/userControl.js [32m200 [0m18.757 ms - 5745[0m
[0mGET /web/controllers/mainController.js [32m200 [0m8.549 ms - 4387[0m
[0mGET /services/userServices.js [32m200 [0m6.530 ms - 716[0m
[0mGET /services/authServices.js [32m200 [0m2.734 ms - 3297[0m
[0mGET /assets/js/bootstrap.min.js [32m200 [0m3.242 ms - 37045[0m
[0mGET /assets/js/bootstrap-checkbox-radio-switch.js [32m200 [0m9.936 ms - 15407[0m
[0mGET /assets/js/jquery-3.2.1.min.js [32m200 [0m10.291 ms - 86659[0m
[0mGET /assets/js/chartist.min.js [32m200 [0m13.678 ms - 36026[0m
[0mGET /assets/js/bootstrap-notify.js [32m200 [0m48.405 ms - 13213[0m
[0mGET /assets/js/tinymce.js [32m200 [0m28.054 ms - 2343[0m
[0mGET /web/views/pages/home.html [32m200 [0m11.260 ms - 3469[0m
[0mGET /favicon.ico [32m200 [0m3.569 ms - 3403[0m
[0mGET /assets/fonts/glyphicons-halflings-regular.woff2 [32m200 [0m21.169 ms - 18028[0m
[0mGET /assets/img/images.png [32m200 [0m18.321 ms - 88719[0m
[0mGET /assets/img/Riviera00008.jpg [32m200 [0m26.161 ms - 225784[0m
[0mGET /assets/img/iphone.svg [32m200 [0m2.992 ms - 47533[0m
[0mGET /web/views/pages/users/login.html [32m200 [0m2.969 ms - 5810[0m
[0mGET /assets/css/user-login.css [32m200 [0m6.144 ms - 2432[0m
[0mGET /assets/css/Google-Style-Login.css [32m200 [0m11.451 ms - 1857[0m
[0mGET /assets/img/avatar_2x.png [32m200 [0m1.642 ms - 626[0m
[0mGET /assets/img/maxresdefault.jpg [32m200 [0m2.282 ms - 66023[0m
(node:15221) DeprecationWarning: Mongoose: mpromise (mongoose's default promise library) is deprecated, plug in your own promise library instead: http://mongoosejs.com/docs/promises.html
[0mPOST /api/authenticate [32m200 [0m718.249 ms - 263[0m
[0mPOST /api/me [32m200 [0m9.484 ms - 92[0m
[0mGET /web/views/pages/users/dashboard/dashboard.html [32m200 [0m12.577 ms - 18083[0m
[0mGET /assets/img/sidebar-5.jpg [32m200 [0m5.498 ms - 87627[0m
[0mGET /assets/fonts/Pe-icon-7-stroke.woff?d7yf1v [32m200 [0m2.671 ms - 58556[0m
[0mPOST /api/me [32m200 [0m4.007 ms - 92[0m
[0mGET /web/views/pages/users/dashboard/user.html [32m200 [0m9.106 ms - 11353[0m
[0mGET /assets/img/faces/Riviera00008.jpg [32m200 [0m11.597 ms - 108563[0m
[0mGET /assets/img/faces/IMG_20170714_181440.jpg [32m200 [0m4.460 ms - 558530[0m
[0mGET / [32m200 [0m3.555 ms - 3403[0m
[0mGET /favicon.ico [32m200 [0m3.000 ms - 3403[0m
[0mGET /robots.txt [32m200 [0m21.131 ms - 3403[0m
[0mGET /robots.txt [32m200 [0m12.043 ms - 3403[0m
[0mGET / [36m304 [0m274.631 ms - -[0m
[0mGET /web/views/pages/home.html [36m304 [0m28.023 ms - -[0m
[0mGET /assets/fonts/glyphicons-halflings-regular.woff2 [36m304 [0m0.948 ms - -[0m
[0mGET /web/views/pages/users/login.html [36m304 [0m3.040 ms - -[0m
[0mPOST /api/authenticate [32m200 [0m531.903 ms - 65[0m
[0mPOST /api/authenticate [32m200 [0m591.205 ms - 65[0m
[0mPOST /api/authenticate [32m200 [0m455.664 ms - 65[0m
[0mPOST /api/authenticate [32m200 [0m503.603 ms - 65[0m
[0mGET /dashboard [32m200 [0m25.900 ms - 3403[0m
[0mGET /web/views/pages/home.html [36m304 [0m2.436 ms - -[0m
[0mGET /web/views/pages/users/register.html [32m200 [0m5.398 ms - 5989[0m
[0mGET /web/views/pages/users/login.html [36m304 [0m2.525 ms - -[0m
[0mPOST /api/authenticate [32m200 [0m584.924 ms - 263[0m
[0mPOST /api/me [32m200 [0m6.571 ms - 92[0m
[0mGET /web/views/pages/users/dashboard/dashboard.html [36m304 [0m2.574 ms - -[0m
[0mGET /assets/fonts/Pe-icon-7-stroke.woff?d7yf1v [36m304 [0m1.049 ms - -[0m
[0mPOST /api/me [32m200 [0m5.723 ms - 92[0m
[0mGET /web/views/pages/users/dashboard/user.html [32m200 [0m14.035 ms - 11353[0m
[0mGET /assets/img/faces/IMG_20170714_181440.jpg [32m200 [0m5.683 ms - 558530[0m
[0mGET /assets/img/faces/Riviera00008.jpg [32m200 [0m7.659 ms - 108563[0m
[0mPOST /api/me [32m200 [0m6.800 ms - 92[0m
[0mPOST /api/me [32m200 [0m1.182 ms - 92[0m
[0mPOST /api/me [32m200 [0m0.884 ms - 92[0m
[0mPOST /api/me [32m200 [0m8.462 ms - 92[0m
[0mPOST /api/me [32m200 [0m11.463 ms - 92[0m
[0mPOST /api/me [32m200 [0m11.500 ms - 92[0m
[0mPOST /api/me [32m200 [0m4.468 ms - 92[0m
[0mPOST /api/me [32m200 [0m4.087 ms - 92[0m
[0mPOST /api/me [32m200 [0m4.160 ms - 92[0m
[0mPOST /api/me [32m200 [0m6.213 ms - 92[0m
[0mPOST /api/me [32m200 [0m7.032 ms - 92[0m
[0mPOST /api/me [32m200 [0m7.065 ms - 92[0m
[0mPOST /api/me [32m200 [0m2.070 ms - 92[0m
[0mGET /web/views/pages/users/dashboard/event.html [32m200 [0m12.061 ms - 81030[0m
[0mPOST /api/me [32m200 [0m1.058 ms - 92[0m
[0mPOST /api/me [32m200 [0m4.826 ms - 92[0m
[0mPOST /api/me [32m200 [0m1.654 ms - 92[0m
[0mPOST /api/me [32m200 [0m1.074 ms - 92[0m
[0mPOST /api/me [32m200 [0m8.275 ms - 92[0m
[0mPOST /api/me [32m200 [0m8.266 ms - 92[0m
[0mPOST /api/me [32m200 [0m8.403 ms - 92[0m
[0mPOST /api/me [32m200 [0m2.171 ms - 92[0m
[0mPOST /api/me [32m200 [0m5.927 ms - 92[0m
[0mPOST /api/me [32m200 [0m4.144 ms - 92[0m
[0mPOST /api/me [32m200 [0m7.336 ms - 92[0m
[0mPOST /api/me [32m200 [0m1.680 ms - 92[0m
[0mPOST /api/me [32m200 [0m2.701 ms - 92[0m
[0mPOST /api/me [32m200 [0m2.468 ms - 92[0m
[0mPOST /api/me [32m200 [0m2.567 ms - 92[0m
[0mPOST /api/me [32m200 [0m15.037 ms - 92[0m
[0mPOST /api/me [32m200 [0m14.884 ms - 92[0m
[0mPOST /api/me [32m200 [0m11.607 ms - 92[0m
[0mPOST /api/me [32m200 [0m5.489 ms - 92[0m
[0mPOST /api/me [32m200 [0m3.362 ms - 92[0m
[0mPOST /api/me [32m200 [0m3.349 ms - 92[0m
[0mPOST /api/me [32m200 [0m2.090 ms - 92[0m
[0mPOST /api/me [32m200 [0m2.152 ms - 92[0m
[0mPOST /api/me [32m200 [0m1.257 ms - 92[0m
[0mPOST /api/me [32m200 [0m9.058 ms - 92[0m
[0mPOST /api/me [32m200 [0m5.648 ms - 92[0m
[0mPOST /api/me [32m200 [0m3.712 ms - 92[0m
[0mGET /favicon.ico [32m200 [0m124.727 ms - 3403[0m
[0mGET / [32m200 [0m259.767 ms - 3403[0m
[0mGET / [32m200 [0m466.294 ms - 3403[0m
[0mGET /favicon.ico [32m200 [0m7.154 ms - 3403[0m
[0mGET / [32m200 [0m454.604 ms - 3403[0m
[0mGET / [32m200 [0m262.515 ms - 3403[0m
[0mGET /web/controllers/tinymceController.js [32m200 [0m27.726 ms - 153[0m
[0mGET /assets/js/bootstrap-checkbox-radio-switch.js [32m200 [0m26.157 ms - 15407[0m
[0mGET /assets/js/chartist.min.js [32m200 [0m29.706 ms - 36026[0m
[0mGET /assets/js/bootstrap-notify.js [32m200 [0m26.980 ms - 13213[0m
[0mGET /assets/js/tinymce.js [32m200 [0m21.382 ms - 2343[0m
[0mPOST /api/me [32m200 [0m18.630 ms - 59[0m
[0mGET /web/views/pages/home.html [32m200 [0m3.078 ms - 3469[0m
[0mGET /assets/fonts/glyphicons-halflings-regular.woff2 [36m304 [0m4.277 ms - -[0m
[0mGET / [32m200 [0m1345.587 ms - 3403[0m
[0mGET / [36m304 [0m16.414 ms - -[0m
[0mPOST /api/me [32m200 [0m30.057 ms - 59[0m
[0mPOST /api/me [32m200 [0m4.163 ms - 59[0m
[0mGET /web/views/pages/users/dashboard/dashboard.html [36m304 [0m6.805 ms - -[0m
[0mGET /assets/fonts/Pe-icon-7-stroke.woff?d7yf1v [36m304 [0m3.277 ms - -[0m
[0mGET /web/views/pages/users/logout.html [32m200 [0m29.932 ms - 76[0m
[0mGET /web/views/pages/home.html [36m304 [0m2.604 ms - -[0m
[0mGET /assets/fonts/glyphicons-halflings-regular.woff2 [36m304 [0m0.984 ms - -[0m
[0mGET /assets/css/bootstrap.css.map [32m200 [0m14.701 ms - 389287[0m
[0mGET /robots.txt [32m200 [0m116.211 ms - 3403[0m
[0mGET /robots.txt [32m200 [0m18.808 ms - 3403[0m
[0mGET / [32m200 [0m362.550 ms - 3403[0m
[0mGET / [32m200 [0m8.617 ms - 3403[0m
[0mGET / [32m200 [0m174.321 ms - 3403[0m
[0mGET / [32m200 [0m14.552 ms - 3403[0m
[0mGET / [32m200 [0m220.577 ms - 3403[0m
[0mGET /favicon.ico [32m200 [0m70.894 ms - 3403[0m
[0mGET /robots.txt [32m200 [0m113.270 ms - 3403[0m
[0mGET /robots.txt [32m200 [0m4.331 ms - 3403[0m
[0mGET / [32m200 [0m22.368 ms - 3403[0m
[0mGET /robots.txt [32m200 [0m57.972 ms - 3403[0m
[0mGET /ongunnikuzissfm.html [32m200 [0m11.037 ms - 3403[0m
[0mGET / [32m200 [0m844.041 ms - 3403[0m
[0mGET /assets/css/myanimations.css [32m200 [0m21.713 ms - 1577[0m
[0mGET /assets/css/animate.css [32m200 [0m59.322 ms - 23848[0m
[0mGET /assets/css/user.css [32m200 [0m59.077 ms - 2238[0m
[0mGET /assets/fonts/font-awesome.min.css [32m200 [0m92.555 ms - 27338[0m
[0mGET /assets/css/bootstrap.css [32m200 [0m22.179 ms - 146010[0m
[0mGET /assets/css/light-bootstrap-dashboard.css [32m200 [0m82.683 ms - 73350[0m
[0mGET /assets/css/pe-icon-7-stroke.css [32m200 [0m39.127 ms - 9742[0m
[0mGET /assets/js/angular-route.js [32m200 [0m20.085 ms - 45008[0m
[0mGET /app.js [32m200 [0m20.249 ms - 553[0m
[0mGET /route.js [32m200 [0m26.426 ms - 4759[0m
[0mGET /web/controllers/userControl.js [32m200 [0m29.289 ms - 5745[0m
[0mGET /assets/js/angular-animate.js [32m200 [0m43.676 ms - 151136[0m
[0mGET /assets/js/angular.js [32m200 [0m9.798 ms - 1268263[0m
[0mGET /web/controllers/mainController.js [32m200 [0m4.867 ms - 4387[0m
[0mGET /web/controllers/tinymceController.js [32m200 [0m3.115 ms - 153[0m
[0mGET /services/authServices.js [32m200 [0m3.493 ms - 3297[0m
[0mGET /services/userServices.js [32m200 [0m5.366 ms - 716[0m
[0mGET /assets/js/jquery-3.2.1.min.js [32m200 [0m10.784 ms - 86659[0m
[0mGET /assets/js/bootstrap.min.js [32m200 [0m20.961 ms - 37045[0m
[0mGET /assets/js/chartist.min.js [32m200 [0m11.799 ms - 36026[0m
[0mGET /assets/js/bootstrap-checkbox-radio-switch.js [32m200 [0m26.131 ms - 15407[0m
[0mGET /assets/js/bootstrap-notify.js [32m200 [0m2.177 ms - 13213[0m
[0mGET /assets/js/tinymce.js [32m200 [0m4.247 ms - 2343[0m
[0mPOST /api/me [32m200 [0m24.613 ms - 59[0m
[0mPOST /api/me [32m200 [0m3.169 ms - 59[0m
[0mGET /favicon.ico [32m200 [0m2.278 ms - 3403[0m
[0mGET /web/views/pages/users/dashboard/dashboard.html [32m200 [0m3.213 ms - 18083[0m
[0mGET /assets/fonts/Pe-icon-7-stroke.woff?d7yf1v [32m200 [0m2.154 ms - 58556[0m
[0mGET /assets/img/sidebar-5.jpg [32m200 [0m7.079 ms - 87627[0m
[0mPOST /api/me [32m200 [0m2.855 ms - 59[0m
[0mGET /web/views/pages/users/dashboard/user.html [32m200 [0m10.648 ms - 11353[0m
[0mGET /assets/img/faces/Riviera00008.jpg [32m200 [0m7.806 ms - 108563[0m
[0mGET /assets/img/faces/IMG_20170714_181440.jpg [32m200 [0m21.979 ms - 558530[0m
[0mPOST /api/me [32m200 [0m1.503 ms - 59[0m
[0mPOST /api/me [32m200 [0m2.368 ms - 59[0m
[0mPOST /api/me [32m200 [0m2.106 ms - 59[0m
[0mPOST /api/me [32m200 [0m3.160 ms - 59[0m
[0mPOST /api/me [32m200 [0m2.469 ms - 59[0m
[0mPOST /api/me [32m200 [0m6.370 ms - 59[0m
[0mGET /web/views/pages/users/logout.html [32m200 [0m2.640 ms - 76[0m
[0mGET /web/views/pages/home.html [32m200 [0m7.484 ms - 3469[0m
[0mGET /assets/img/images.png [32m200 [0m260.343 ms - 88719[0m
[0mGET /assets/fonts/glyphicons-halflings-regular.woff2 [32m200 [0m277.548 ms - 18028[0m
[0mGET /assets/img/iphone.svg [32m200 [0m45.398 ms - 47533[0m
[0mGET /assets/img/Riviera00008.jpg [32m200 [0m255.343 ms - 225784[0m
[0mGET /web/views/pages/users/login.html [32m200 [0m28.409 ms - 5810[0m
[0mGET /assets/css/user-login.css [32m200 [0m5.046 ms - 2432[0m
[0mGET /assets/css/Google-Style-Login.css [32m200 [0m3.795 ms - 1857[0m
[0mGET /assets/img/avatar_2x.png [32m200 [0m1.969 ms - 626[0m
[0mGET /assets/img/maxresdefault.jpg [32m200 [0m3.627 ms - 66023[0m
[0mPOST /api/authenticate [32m200 [0m786.697 ms - 263[0m
[0mPOST /api/me [32m200 [0m2.456 ms - 92[0m
[0mPOST /api/me [32m200 [0m2.433 ms - 92[0m
[0mPOST /api/me [32m200 [0m3.350 ms - 92[0m
[0mPOST /api/me [32m200 [0m10.821 ms - 92[0m
[0mPOST /api/me [32m200 [0m1.220 ms - 92[0m
[0mPOST /api/me [32m200 [0m20.494 ms - 92[0m
[0mPOST /api/me [32m200 [0m1.939 ms - 92[0m
[0mPOST /api/me [32m200 [0m1.879 ms - 92[0m
[0mPOST /api/me [32m200 [0m1.041 ms - 92[0m
[0mPOST /api/me [32m200 [0m0.984 ms - 92[0m
[0mPOST /api/me [32m200 [0m1.045 ms - 92[0m
[0mPOST /api/me [32m200 [0m0.929 ms - 92[0m
[0mPOST /api/me [32m200 [0m65.417 ms - 92[0m
[0mPOST /api/me [32m200 [0m8.415 ms - 92[0m
[0mPOST /api/me [32m200 [0m2.757 ms - 92[0m
[0mPOST /api/me [32m200 [0m3.539 ms - 92[0m
[0mPOST /api/me [32m200 [0m3.428 ms - 92[0m
[0mPOST /api/me [32m200 [0m1.015 ms - 92[0m
[0mPOST /api/me [32m200 [0m0.950 ms - 92[0m
[0mPOST /api/me [32m200 [0m0.937 ms - 92[0m
[0mPOST /api/me [32m200 [0m2.001 ms - 92[0m
[0mPOST /api/me [32m200 [0m3.991 ms - 92[0m
[0mPOST /api/me [32m200 [0m2.517 ms - 92[0m
[0mPOST /api/me [32m200 [0m1.318 ms - 92[0m
[0mPOST /api/me [32m200 [0m5.833 ms - 92[0m
[0mPOST /api/me [32m200 [0m1.234 ms - 92[0m
[0mPOST /api/me [32m200 [0m2.680 ms - 92[0m
[0mPOST /api/me [32m200 [0m3.083 ms - 92[0m
[0mPOST /api/me [32m200 [0m1.830 ms - 92[0m
[0mPOST /api/me [32m200 [0m1.915 ms - 92[0m
[0mPOST /api/me [32m200 [0m1.413 ms - 92[0m
[0mPOST /api/me [32m200 [0m0.894 ms - 92[0m
[0mPOST /api/me [32m200 [0m5.596 ms - 92[0m
[0mPOST /api/me [32m200 [0m2.130 ms - 92[0m
[0mPOST /api/me [32m200 [0m7.581 ms - 92[0m
[0mPOST /api/me [32m200 [0m4.988 ms - 92[0m
[0mPOST /api/me [32m200 [0m1.194 ms - 92[0m
[0mGET /web/views/pages/users/dashboard/event.html [32m200 [0m11.618 ms - 81030[0m
[0mGET /assets/js/chartist.min.js.map [32m200 [0m269.567 ms - 3403[0m
[0mGET /assets/css/bootstrap.css.map [32m200 [0m10.217 ms - 389287[0m
[0mPOST /api/me [32m200 [0m4.324 ms - 92[0m
[0mPOST /api/me [32m200 [0m3.017 ms - 92[0m
[0mPOST /api/me [32m200 [0m2.660 ms - 92[0m
[0mPOST /api/me [32m200 [0m1.311 ms - 92[0m
[0mPOST /api/me [32m200 [0m1.340 ms - 92[0m
[0mPOST /api/me [32m200 [0m7.396 ms - 92[0m
[0mPOST /api/me [32m200 [0m7.834 ms - 92[0m
[0mPOST /api/me [32m200 [0m39.635 ms - 92[0m
[0mPOST /api/me [32m200 [0m1.732 ms - 92[0m
[0mPOST /api/me [32m200 [0m1.534 ms - 92[0m
[0mPOST /api/me [32m200 [0m1.803 ms - 92[0m
[0mPOST /api/me [32m200 [0m0.689 ms - 92[0m
[0mPOST /api/me [32m200 [0m0.592 ms - 92[0m
[0mPOST /api/me [32m200 [0m0.648 ms - 92[0m
[0mPOST /api/me [32m200 [0m0.927 ms - 92[0m
[0mPOST /api/me [32m200 [0m1.630 ms - 92[0m
[0mPOST /api/me [32m200 [0m1.729 ms - 92[0m
[0mPOST /api/me [32m200 [0m3.579 ms - 92[0m
[0mPOST /api/me [32m200 [0m2.500 ms - 92[0m
[0mPOST /api/me [32m200 [0m16.920 ms - 92[0m
[0mPOST /api/me [32m200 [0m0.959 ms - 92[0m
[0mPOST /api/me [32m200 [0m0.942 ms - 92[0m
[0mPOST /api/me [32m200 [0m0.904 ms - 92[0m
[0mPOST /api/me [32m200 [0m0.883 ms - 92[0m
[0mPOST /api/me [32m200 [0m0.930 ms - 92[0m
[0mPOST /api/me [32m200 [0m7.303 ms - 92[0m
[0mPOST /api/me [32m200 [0m0.929 ms - 92[0m
[0mPOST /api/me [32m200 [0m1.645 ms - 92[0m
[0mPOST /api/me [32m200 [0m1.764 ms - 92[0m
[0mPOST /api/me [32m200 [0m1.841 ms - 92[0m
[0mPOST /api/me [32m200 [0m2.262 ms - 92[0m
[0mPOST /api/me [32m200 [0m2.203 ms - 92[0m
[0mGET /dashboard [32m200 [0m35.266 ms - 3403[0m
[0mGET /assets/css/bootstrap.css.map [36m304 [0m9.576 ms - -[0m
[0mGET /assets/js/chartist.min.js.map [36m304 [0m8.147 ms - -[0m
[0mGET /web/views/pages/users/dashboard/dashboard.html [36m304 [0m0.817 ms - -[0m
[0mGET /assets/fonts/Pe-icon-7-stroke.woff?d7yf1v [36m304 [0m1.380 ms - -[0m
[0mPOST /api/me [32m200 [0m14.996 ms - 92[0m
[0mPOST /api/me [32m200 [0m19.902 ms - 92[0m
[0mPOST /api/me [32m200 [0m8.407 ms - 92[0m
[0mPOST /api/me [32m200 [0m10.762 ms - 92[0m
[0mGET /dashboard [36m304 [0m2.986 ms - -[0m
[0mGET /assets/css/bootstrap.css.map [36m304 [0m4.892 ms - -[0m
[0mGET /assets/js/chartist.min.js.map [36m304 [0m1.207 ms - -[0m
[0mPOST /api/me [32m200 [0m2.375 ms - 92[0m
[0mGET /web/views/pages/users/dashboard/dashboard.html [36m304 [0m1.052 ms - -[0m
[0mGET /assets/fonts/Pe-icon-7-stroke.woff?d7yf1v [36m304 [0m0.859 ms - -[0m
[0mPOST /api/me [32m200 [0m14.563 ms - 92[0m
[0mPOST /api/me [32m200 [0m1.743 ms - 92[0m
[0mPOST /api/me [32m200 [0m1.505 ms - 92[0m
[0mGET /dashboard [36m304 [0m6.838 ms - -[0m
[0mGET /assets/css/bootstrap.css.map [36m304 [0m1.531 ms - -[0m
[0mGET /assets/js/chartist.min.js.map [36m304 [0m1.303 ms - -[0m
[0mPOST /api/me [32m200 [0m6.249 ms - 92[0m
[0mGET /web/views/pages/users/dashboard/dashboard.html [32m200 [0m13.792 ms - 18084[0m
[0mGET /assets/fonts/Pe-icon-7-stroke.woff?d7yf1v [36m304 [0m1.648 ms - -[0m
[0mPOST /api/me [32m200 [0m1.121 ms - 92[0m
[0mGET /web/views/pages/users/dashboard/House%20Coroner.html [32m200 [0m1.839 ms - 3403[0m
[0mGET / [36m304 [0m14.668 ms - -[0m
[0mPOST /api/me [32m200 [0m9.118 ms - 92[0m
[0mPOST /api/me [32m200 [0m5.546 ms - 92[0m
[0mGET /web/views/pages/users/dashboard/dashboard.html [36m304 [0m0.723 ms - -[0m
[0mGET /assets/fonts/Pe-icon-7-stroke.woff?d7yf1v [36m304 [0m0.683 ms - -[0m
[0mGET /assets/js/chartist.min.js.map [36m304 [0m1.057 ms - -[0m
[0mGET /assets/css/bootstrap.css.map [36m304 [0m2.633 ms - -[0m
[0mGET /dashboard [36m304 [0m4.686 ms - -[0m
[0mGET /assets/js/chartist.min.js.map [36m304 [0m2.879 ms - -[0m
[0mGET /assets/css/bootstrap.css.map [36m304 [0m2.970 ms - -[0m
[0mPOST /api/me [32m200 [0m4.384 ms - 92[0m
[0mGET /web/views/pages/users/dashboard/dashboard.html [36m304 [0m12.609 ms - -[0m
[0mGET /assets/fonts/Pe-icon-7-stroke.woff?d7yf1v [36m304 [0m1.771 ms - -[0m
[0mPOST /api/me [32m200 [0m8.825 ms - 92[0m
[0mGET /web/views/pages/users/dashboard/House%20Coroner.html [36m304 [0m5.215 ms - -[0m
[0mGET /house-coroner [32m200 [0m14.289 ms - 3403[0m
[0mGET /assets/js/chartist.min.js.map [36m304 [0m6.792 ms - -[0m
[0mPOST /api/me [32m200 [0m5.977 ms - 92[0m
[0mGET /assets/css/bootstrap.css.map [36m304 [0m16.826 ms - -[0m
[0mGET /web/views/pages/users/dashboard/House%20Coroner.html [36m304 [0m21.351 ms - -[0m
[0mGET / [36m304 [0m38.742 ms - -[0m
[0mGET /web/views/pages/home.html [36m304 [0m4.101 ms - -[0m
[0mGET /assets/fonts/glyphicons-halflings-regular.woff2 [36m304 [0m3.378 ms - -[0m
[0mGET /web/views/pages/users/login.html [36m304 [0m2.858 ms - -[0m
[0mGET /assets/img/avatar_2x.png [32m200 [0m12.504 ms - 626[0m
[0mGET /assets/img/maxresdefault.jpg [32m200 [0m7.029 ms - 66023[0m
[0mPOST /api/authenticate [32m200 [0m1010.620 ms - 65[0m
[0mPOST /api/authenticate [32m200 [0m566.920 ms - 65[0m
[0mPOST /api/authenticate [32m200 [0m571.478 ms - 65[0m
[0mPOST /api/authenticate [32m200 [0m551.557 ms - 65[0m
[0mGET / [32m200 [0m40.667 ms - 3403[0m
[0mGET /assets/css/bootstrap.css [32m200 [0m10.007 ms - 146010[0m
[0mGET /assets/css/animate.css [32m200 [0m12.261 ms - 23848[0m
[0mGET /assets/css/pe-icon-7-stroke.css [32m200 [0m42.181 ms - 9742[0m
[0mGET /assets/css/user.css [32m200 [0m47.621 ms - 2238[0m
[0mGET /assets/css/myanimations.css [32m200 [0m17.636 ms - 1577[0m
[0mGET /assets/fonts/font-awesome.min.css [32m200 [0m32.033 ms - 27338[0m
[0mGET /assets/css/light-bootstrap-dashboard.css [32m200 [0m20.847 ms - 73350[0m
[0mGET /assets/js/angular.js [32m200 [0m3.555 ms - 1268263[0m
[0mGET /assets/js/angular-route.js [32m200 [0m14.144 ms - 45008[0m
[0mGET /app.js [32m200 [0m20.224 ms - 553[0m
[0mGET /route.js [32m200 [0m29.905 ms - 4760[0m
[0mGET /web/controllers/userControl.js [32m200 [0m33.428 ms - 5745[0m
[0mGET /assets/js/angular-animate.js [32m200 [0m18.307 ms - 151136[0m
[0mGET /web/controllers/mainController.js [32m200 [0m2.701 ms - 4387[0m
[0mGET /web/controllers/tinymceController.js [32m200 [0m6.143 ms - 153[0m
[0mGET /services/userServices.js [32m200 [0m6.787 ms - 716[0m
[0mGET /services/authServices.js [32m200 [0m8.397 ms - 3297[0m
[0mGET /assets/js/jquery-3.2.1.min.js [32m200 [0m5.033 ms - 86659[0m
[0mGET /assets/js/bootstrap-checkbox-radio-switch.js [32m200 [0m6.811 ms - 15407[0m
[0mGET /assets/js/bootstrap.min.js [32m200 [0m14.479 ms - 37045[0m
[0mGET /assets/js/chartist.min.js [32m200 [0m12.649 ms - 36026[0m
[0mGET /assets/js/bootstrap-notify.js [32m200 [0m4.460 ms - 13213[0m
[0mGET /assets/js/tinymce.js [32m200 [0m7.721 ms - 2343[0m
[0mGET /web/views/pages/home.html [32m200 [0m5.842 ms - 3469[0m
[0mGET /assets/img/iphone.svg [32m200 [0m13.845 ms - 47533[0m
[0mGET /assets/img/images.png [32m200 [0m8.825 ms - 88719[0m
[0mGET /assets/img/Riviera00008.jpg [32m200 [0m20.849 ms - 225784[0m
[0mGET /assets/fonts/glyphicons-halflings-regular.woff2 [32m200 [0m12.740 ms - 18028[0m
[0mGET / [32m200 [0m9.508 ms - 3403[0m
[0mGET /assets/css/bootstrap.css [32m200 [0m11.347 ms - 146010[0m
[0mGET /assets/css/myanimations.css [32m200 [0m68.159 ms - 1577[0m
[0mGET /assets/css/animate.css [32m200 [0m81.701 ms - 23848[0m
[0mGET /assets/css/pe-icon-7-stroke.css [32m200 [0m5.392 ms - 9742[0m
[0mGET /assets/js/angular.js [32m200 [0m4.529 ms - 1268263[0m
[0mGET /assets/fonts/font-awesome.min.css [32m200 [0m40.494 ms - 27338[0m
[0mGET /assets/css/user.css [32m200 [0m49.023 ms - 2238[0m
[0mGET /assets/js/angular-route.js [32m200 [0m36.862 ms - 45008[0m
[0mGET /assets/css/light-bootstrap-dashboard.css [32m200 [0m35.971 ms - 73350[0m
[0mGET /assets/js/angular-animate.js [32m200 [0m4.685 ms - 151136[0m
[0mGET /app.js [32m200 [0m10.036 ms - 553[0m
[0mGET /route.js [32m200 [0m0.958 ms - 4760[0m
[0mGET /web/controllers/userControl.js [32m200 [0m1.105 ms - 5745[0m
[0mGET /web/controllers/mainController.js [32m200 [0m1.319 ms - 4387[0m
[0mGET /web/controllers/tinymceController.js [32m200 [0m1.462 ms - 153[0m
[0mGET /services/userServices.js [32m200 [0m0.998 ms - 716[0m
[0mGET /services/authServices.js [32m200 [0m0.985 ms - 3297[0m
[0mGET /assets/js/jquery-3.2.1.min.js [32m200 [0m1.237 ms - 86659[0m
[0mGET /assets/js/bootstrap.min.js [32m200 [0m1.553 ms - 37045[0m
[0mGET /assets/js/bootstrap-checkbox-radio-switch.js [32m200 [0m3.062 ms - 15407[0m
[0mGET /assets/js/chartist.min.js [32m200 [0m6.158 ms - 36026[0m
[0mGET /assets/js/bootstrap-notify.js [32m200 [0m5.892 ms - 13213[0m
[0mGET /assets/js/tinymce.js [32m200 [0m1.713 ms - 2343[0m
[0mGET /web/views/pages/home.html [32m200 [0m3.198 ms - 3469[0m
[0mGET /assets/img/Riviera00008.jpg [32m200 [0m11.338 ms - 225784[0m
[0mGET /assets/fonts/glyphicons-halflings-regular.woff2 [32m200 [0m20.194 ms - 18028[0m
[0mGET /assets/img/images.png [32m200 [0m22.924 ms - 88719[0m
[0mGET /assets/img/iphone.svg [32m200 [0m6.907 ms - 47533[0m
[0mGET /web/views/pages/users/login.html [32m200 [0m10.940 ms - 5810[0m
[0mGET /assets/css/user-login.css [32m200 [0m7.026 ms - 2432[0m
[0mGET /assets/css/Google-Style-Login.css [32m200 [0m1.471 ms - 1857[0m
[0mGET /assets/img/avatar_2x.png [32m200 [0m1.635 ms - 626[0m
[0mGET /assets/img/maxresdefault.jpg [32m200 [0m4.329 ms - 66023[0m
[0mPOST /api/authenticate [32m200 [0m750.557 ms - 65[0m
[0mPOST /api/authenticate [32m200 [0m662.567 ms - 263[0m
[0mPOST /api/me [32m200 [0m13.322 ms - 92[0m
[0mGET /web/views/pages/users/dashboard/dashboard.html [32m200 [0m301.797 ms - 18084[0m
[0mGET /assets/img/sidebar-5.jpg [32m200 [0m5.966 ms - 87627[0m
[0mGET /assets/fonts/Pe-icon-7-stroke.woff?d7yf1v [32m200 [0m3.470 ms - 58556[0m
[0mPOST /api/me [32m200 [0m7.869 ms - 92[0m
[0mGET /web/views/pages/users/dashboard/user.html [32m200 [0m22.588 ms - 11353[0m
[0mGET /assets/img/faces/Riviera00008.jpg [32m200 [0m10.354 ms - 108563[0m
[0mGET /assets/img/faces/IMG_20170714_181440.jpg [32m200 [0m10.674 ms - 558530[0m
[0mPOST /api/me [32m200 [0m5.496 ms - 92[0m
[0mPOST /api/me [32m200 [0m2.327 ms - 92[0m
[0mPOST /api/me [32m200 [0m2.940 ms - 92[0m
[0mPOST /api/me [32m200 [0m0.948 ms - 92[0m
[0mGET /robots.txt [32m200 [0m56.960 ms - 3403[0m
[0mGET /assets/css/myanimations.css [32m200 [0m3.744 ms - 1577[0m
[0mGET /assets/css/pe-icon-7-stroke.css [32m200 [0m3.055 ms - 9742[0m
[0mGET /services/authServices.js [32m200 [0m2.799 ms - 3297[0m
[0mGET /web/controllers/userControl.js [32m200 [0m2.317 ms - 5745[0m
[0mGET /assets/js/jquery-3.2.1.min.js [32m200 [0m7.960 ms - 86659[0m
[0mGET /assets/css/user.css [32m200 [0m12.025 ms - 2238[0m
[0mGET /assets/js/angular.js [32m200 [0m4.063 ms - 1268263[0m
[0mGET /app.js [32m200 [0m4.963 ms - 553[0m
[0mGET /assets/css/light-bootstrap-dashboard.css [32m200 [0m3.864 ms - 73350[0m
[0mGET /services/userServices.js [32m200 [0m2.769 ms - 716[0m
[0mGET /assets/css/animate.css [32m200 [0m3.328 ms - 23848[0m
[0mGET /assets/js/angular-animate.js [32m200 [0m4.831 ms - 151136[0m
[0mGET /route.js [32m200 [0m1.967 ms - 4760[0m
[0mGET /assets/js/bootstrap-checkbox-radio-switch.js [32m200 [0m1.767 ms - 15407[0m
[0mGET /web/controllers/mainController.js [32m200 [0m2.479 ms - 4387[0m
[0mGET /assets/js/bootstrap.min.js [32m200 [0m2.256 ms - 37045[0m
[0mGET /web/controllers/tinymceController.js [32m200 [0m2.817 ms - 153[0m
[0mGET /assets/css/bootstrap.css [32m200 [0m2.137 ms - 146010[0m
[0mGET /assets/js/angular-route.js [32m200 [0m6.990 ms - 45008[0m
[0mGET /assets/fonts/font-awesome.min.css [32m200 [0m4.599 ms - 27338[0m
[0mGET /assets/js/chartist.min.js [32m200 [0m28.561 ms - 36026[0m
[0mGET /assets/js/bootstrap-notify.js [32m200 [0m8.754 ms - 13213[0m
[0mGET /assets/js/tinymce.js [32m200 [0m6.062 ms - 2343[0m
[0mGET /web/views/pages/home.html [32m200 [0m3.171 ms - 3469[0m
[0mGET / [32m200 [0m910.244 ms - 3403[0m
[0mGET / [32m200 [0m1484.123 ms - 3403[0m
[0mGET /favicon.ico [32m200 [0m9.090 ms - 3403[0m
[0mGET /api/users [32m200 [0m117.274 ms - 56[0m
[0mGET /favicon.ico [32m200 [0m20.438 ms - 3403[0m
[0mGET /robots.txt [32m200 [0m38.800 ms - 3403[0m
[0mGET / [32m200 [0m1433.545 ms - 3403[0m
